<?xml version="1.0" encoding="UTF-8"?>
<!-- Generated by org.testng.reporters.JUnitReportReporter -->
<testsuite hostname="DESKTOP-R8PQPOQ" failures="0" tests="1" name="com.testcloudeagle.DashboardTest" time="22.552" errors="0" timestamp="2025-09-20T20:49:48 IST" skipped="0">
  <testcase classname="com.testcloudeagle.DashboardTest" name="testManagedApplicationsCount" time="22.552"/>
</testsuite> <!-- com.testcloudeagle.DashboardTest -->
