<?xml version="1.0" encoding="UTF-8"?>
<!-- Generated by org.testng.reporters.JUnitReportReporter -->
<testsuite hostname="DESKTOP-R8PQPOQ" failures="0" tests="1" name="com.testcloudeagle.LoginTest" time="18.083" errors="0" timestamp="2025-09-20T20:49:48 IST" skipped="0">
  <testcase classname="com.testcloudeagle.LoginTest" name="testValidLogin" time="18.083"/>
</testsuite> <!-- com.testcloudeagle.LoginTest -->
